<?xml version="1.0" encoding="UTF-8"?>
<!-- Generated by org.testng.reporters.JUnitReportReporter -->
<testsuite hostname="DESKTOP-648A4DK" name="testcases.VerifyHomePage" tests="1" failures="0" timestamp="20 Mar 2018 16:19:49 GMT" time="6.381" errors="0">
  <testcase name="testHomePage" time="6.381" classname="testcases.VerifyHomePage"/>
</testsuite> <!-- testcases.VerifyHomePage -->
