<?xml version="1.0" encoding="UTF-8"?>
<!-- Generated by org.testng.reporters.JUnitReportReporter -->
<testsuite hostname="DESKTOP-648A4DK" name="testcases.VerifyLoginPageWithReport" tests="1" failures="0" timestamp="21 Mar 2018 16:28:49 GMT" time="21.220" errors="0">
  <testcase name="testHomePage" time="21.220" classname="testcases.VerifyLoginPageWithReport"/>
</testsuite> <!-- testcases.VerifyLoginPageWithReport -->
